DEPRECATION WARNING: config.action_view.debug_rjs will be removed in 3.1, from 3.1 onwards you will need to install prototype-rails to continue to use RJS templates . (called from <top (required)> at /home/philip/Projects/hum/config/environment.rb:5)
[datamapper] Setting up the "development" environment:
[datamapper] Setting up :default repository: '/home/philip/Projects/hum/db/hum_development.db' on sqlite


Started GET "/" for 127.0.0.1 at 2011-08-06 17:44:06 +0200
  Processing by ApplicationController#index as HTML
Rendered application/index.html.haml within layouts/application (1.4ms)
Completed 200 OK in 6ms (Views: 5.4ms | Models: 0.000ms)


Started GET "/" for 127.0.0.1 at 2011-08-06 17:44:20 +0200
  Processing by ApplicationController#index as HTML
Rendered application/index.html.haml within layouts/application (1.1ms)
Completed 200 OK in 4ms (Views: 3.9ms | Models: 0.000ms)


Started GET "/" for 127.0.0.1 at 2011-08-06 17:44:50 +0200
  Processing by ApplicationController#index as HTML
Rendered application/index.html.haml within layouts/application (1.3ms)
Completed 200 OK in 5ms (Views: 4.6ms | Models: 0.000ms)


Started GET "/" for 127.0.0.1 at 2011-08-06 17:45:17 +0200
  Processing by ApplicationController#index as HTML
Rendered application/index.html.haml within layouts/application (4.1ms)
Completed 200 OK in 15ms (Views: 14.6ms | Models: 0.000ms)


Started GET "/" for 127.0.0.1 at 2011-08-06 17:45:18 +0200
  Processing by ApplicationController#index as HTML
Rendered application/index.html.haml within layouts/application (1.2ms)
Completed 200 OK in 5ms (Views: 4.6ms | Models: 0.000ms)


Started GET "/" for 127.0.0.1 at 2011-08-06 17:47:36 +0200
  Processing by ApplicationController#index as HTML
Rendered application/index.html.haml within layouts/application (2.2ms)
Completed 200 OK in 6ms (Views: 5.5ms | Models: 0.000ms)
DEPRECATION WARNING: config.action_view.debug_rjs will be removed in 3.1, from 3.1 onwards you will need to install prototype-rails to continue to use RJS templates . (called from <top (required)> at /home/philip/Projects/hum/config/environment.rb:5)
DEPRECATION WARNING: config.action_view.debug_rjs will be removed in 3.1, from 3.1 onwards you will need to install prototype-rails to continue to use RJS templates . (called from <top (required)> at /home/philip/Projects/hum/config/environment.rb:5)
[datamapper] Setting up the "development" environment:
[datamapper] Setting up :default repository: '/home/philip/Projects/hum/db/hum_development.db' on sqlite
  [1m[36mSQL (0.622ms)[0m  [1mSELECT "id", "server" FROM "hum_configs" ORDER BY "id" LIMIT 1[0m
no such table: hum_configs (code: 1, sql state: , query: SELECT "id", "server" FROM "hum_configs" ORDER BY "id" LIMIT 1, uri: sqlite3:/home/philip/Projects/hum/db/hum_development.db?adapter=sqlite3&path=/home/philip/Projects/hum/db/hum_development.db)
DEPRECATION WARNING: config.action_view.debug_rjs will be removed in 3.1, from 3.1 onwards you will need to install prototype-rails to continue to use RJS templates . (called from <top (required)> at /home/philip/Projects/hum/config/environment.rb:5)
[datamapper] Setting up the "development" environment:
[datamapper] Setting up :default repository: '/home/philip/Projects/hum/db/hum.db' on sqlite3
  [1m[36mSQL (0.204ms)[0m  [1mPRAGMA table_info("hum_configs")[0m
  [1m[35mSQL (0.017ms)[0m  SELECT sqlite_version(*)
  [1m[36mSQL (0.038ms)[0m  [1mDROP TABLE IF EXISTS "hum_configs"[0m
  [1m[35mSQL (0.009ms)[0m  PRAGMA table_info("hum_configs")
  [1m[36mSQL (278.250ms)[0m  [1mCREATE TABLE "hum_configs" ("id" INTEGER NOT NULL PRIMARY KEY AUTOINCREMENT, "server" VARCHAR(50))[0m
DEPRECATION WARNING: config.action_view.debug_rjs will be removed in 3.1, from 3.1 onwards you will need to install prototype-rails to continue to use RJS templates . (called from <top (required)> at /home/philip/Projects/hum/config/environment.rb:5)
[datamapper] Setting up the "development" environment:
[datamapper] Setting up :default repository: '/home/philip/Projects/hum/db/hum_dev.db' on sqlite3
  [1m[36mSQL (0.222ms)[0m  [1mPRAGMA table_info("hum_configs")[0m
  [1m[35mSQL (0.024ms)[0m  SELECT sqlite_version(*)
  [1m[36mSQL (0.047ms)[0m  [1mDROP TABLE IF EXISTS "hum_configs"[0m
  [1m[35mSQL (0.011ms)[0m  PRAGMA table_info("hum_configs")
  [1m[36mSQL (226.749ms)[0m  [1mCREATE TABLE "hum_configs" ("id" INTEGER NOT NULL PRIMARY KEY AUTOINCREMENT, "server" VARCHAR(50))[0m
DEPRECATION WARNING: config.action_view.debug_rjs will be removed in 3.1, from 3.1 onwards you will need to install prototype-rails to continue to use RJS templates . (called from <top (required)> at /home/philip/Projects/hum/config/environment.rb:5)
[datamapper] Setting up the "development" environment:
[datamapper] Setting up :default repository: '/home/philip/Projects/hum/db/hum_dev.db' on sqlite3
  [1m[36mSQL (0.281ms)[0m  [1mSELECT "id", "server" FROM "hum_configs" ORDER BY "id" LIMIT 1[0m
  [1m[35mSQL (192.532ms)[0m  INSERT INTO "hum_configs" DEFAULT VALUES
  [1m[36mSQL (128.339ms)[0m  [1mUPDATE "hum_configs" SET "server" = 'http://node:3340' WHERE "id" = 1[0m
  [1m[35mSQL (0.053ms)[0m  SELECT "id", "server" FROM "hum_configs" ORDER BY "id" LIMIT 1
  [1m[36mSQL (0.160ms)[0m  [1mSELECT "id", "server" FROM "hum_configs" ORDER BY "id" LIMIT 1[0m
DEPRECATION WARNING: config.action_view.debug_rjs will be removed in 3.1, from 3.1 onwards you will need to install prototype-rails to continue to use RJS templates . (called from <top (required)> at /home/philip/Projects/hum/config/environment.rb:5)
DEPRECATION WARNING: config.action_view.debug_rjs will be removed in 3.1, from 3.1 onwards you will need to install prototype-rails to continue to use RJS templates . (called from <top (required)> at /home/philip/Projects/hum/config/environment.rb:5)
[datamapper] Setting up the "development" environment:
[datamapper] Setting up :default repository: '/home/philip/Projects/hum/db/hum_dev.db' on sqlite3
  [1m[36mSQL (0.268ms)[0m  [1mSELECT "id", "server" FROM "hum_configs" ORDER BY "id" LIMIT 1[0m
  [1m[35mSQL (0.115ms)[0m  SELECT "id", "server" FROM "hum_configs" ORDER BY "id" LIMIT 1
DEPRECATION WARNING: config.action_view.debug_rjs will be removed in 3.1, from 3.1 onwards you will need to install prototype-rails to continue to use RJS templates . (called from <top (required)> at /home/philip/Projects/hum/config/environment.rb:5)
[datamapper] Setting up the "development" environment:
[datamapper] Setting up :default repository: '/home/philip/Projects/hum/db/hum_dev.db' on sqlite3


Started GET "/" for 127.0.0.1 at 2011-08-07 12:35:52 +0200
  Processing by ApplicationController#index as HTML
ERROR: compiling _app_views_application_index_html_haml___844426173883971823_24498660_2604087899940775763 RAISED /home/philip/Projects/hum/app/views/application/index.html.haml:8: syntax error, unexpected keyword_ensure, expecting keyword_end
...:Util.html_safe(_erbout);ensure;@haml_buffer = @haml_buffer....
...                               ^
/home/philip/Projects/hum/app/views/application/index.html.haml:11: syntax error, unexpected $end, expecting keyword_end
Function body:           def _app_views_application_index_html_haml___844426173883971823_24498660_2604087899940775763(local_assigns)
            _old_virtual_path, @_virtual_path = @_virtual_path, "application/index";_old_output_buffer = @output_buffer;;begin;extend Haml::Helpers;_hamlout = @haml_buffer = Haml::Buffer.new(@haml_buffer, {:autoclose=>["meta", "img", "link", "br", "hr", "input", "area", "param", "col", "base"], :preserve=>["textarea", "pre", "code"], :attr_wrapper=>"'", :ugly=>false, :format=>:html5, :encoding=>"UTF-8", :escape_html=>true, :escape_attrs=>true});_erbout = _hamlout.buffer;__in_erb_template = true;;_hamlout.push_text("#{_hamlout.format_script_false_false_false_true_false_true_false(( link_to 'Load Tracks', load_tracks_path
));}\n", 0, false); if listing = session[:listing]
_hamlout.append_if_string=  listing.each do |track|
_hamlout.push_text("<div class='track'>\n  <div class='number'>#{_hamlout.adjust_tabs(2); 
_hamlout.format_script_false_true_false_true_false_true_false((track[:id]
));}</div>\n  <div class='name'>#{_hamlout.adjust_tabs(1); _hamlout.format_script_false_true_false_true_false_true_false((track[:filename]
));}</div>\n</div>\n", -1, false);end
::Haml::Util.html_safe(_erbout);ensure;@haml_buffer = @haml_buffer.upper;end;
          ensure
            @_virtual_path, @output_buffer = _old_virtual_path, _old_output_buffer
          end
Backtrace: /home/philip/Projects/hum/vendor/ruby/1.9.1/gems/actionpack-3.0.9/lib/action_view/template.rb:258:in `module_eval'
/home/philip/Projects/hum/vendor/ruby/1.9.1/gems/actionpack-3.0.9/lib/action_view/template.rb:258:in `compile'
/home/philip/Projects/hum/vendor/ruby/1.9.1/gems/actionpack-3.0.9/lib/action_view/template.rb:134:in `block in render'
/home/philip/Projects/hum/vendor/ruby/1.9.1/gems/activesupport-3.0.9/lib/active_support/notifications.rb:54:in `instrument'
/home/philip/Projects/hum/vendor/ruby/1.9.1/gems/actionpack-3.0.9/lib/action_view/template.rb:127:in `render'
/home/philip/Projects/hum/vendor/ruby/1.9.1/gems/actionpack-3.0.9/lib/action_view/render/rendering.rb:59:in `block in _render_template'
/home/philip/Projects/hum/vendor/ruby/1.9.1/gems/activesupport-3.0.9/lib/active_support/notifications.rb:52:in `block in instrument'
/home/philip/Projects/hum/vendor/ruby/1.9.1/gems/activesupport-3.0.9/lib/active_support/notifications/instrumenter.rb:21:in `instrument'
/home/philip/Projects/hum/vendor/ruby/1.9.1/gems/activesupport-3.0.9/lib/active_support/notifications.rb:52:in `instrument'
/home/philip/Projects/hum/vendor/ruby/1.9.1/gems/actionpack-3.0.9/lib/action_view/render/rendering.rb:56:in `_render_template'
/home/philip/Projects/hum/vendor/ruby/1.9.1/gems/actionpack-3.0.9/lib/action_view/render/rendering.rb:26:in `render'
/home/philip/Projects/hum/vendor/ruby/1.9.1/gems/haml-3.1.2/lib/haml/helpers/action_view_mods.rb:13:in `render_with_haml'
/home/philip/Projects/hum/vendor/ruby/1.9.1/gems/actionpack-3.0.9/lib/abstract_controller/rendering.rb:115:in `_render_template'
/home/philip/Projects/hum/vendor/ruby/1.9.1/gems/actionpack-3.0.9/lib/abstract_controller/rendering.rb:109:in `render_to_body'
/home/philip/Projects/hum/vendor/ruby/1.9.1/gems/actionpack-3.0.9/lib/action_controller/metal/renderers.rb:47:in `render_to_body'
/home/philip/Projects/hum/vendor/ruby/1.9.1/gems/actionpack-3.0.9/lib/action_controller/metal/compatibility.rb:55:in `render_to_body'
/home/philip/Projects/hum/vendor/ruby/1.9.1/gems/actionpack-3.0.9/lib/abstract_controller/rendering.rb:102:in `render_to_string'
/home/philip/Projects/hum/vendor/ruby/1.9.1/gems/actionpack-3.0.9/lib/abstract_controller/rendering.rb:93:in `render'
/home/philip/Projects/hum/vendor/ruby/1.9.1/gems/actionpack-3.0.9/lib/action_controller/metal/rendering.rb:17:in `render'
/home/philip/Projects/hum/vendor/ruby/1.9.1/gems/actionpack-3.0.9/lib/action_controller/metal/instrumentation.rb:40:in `block (2 levels) in render'
/home/philip/Projects/hum/vendor/ruby/1.9.1/gems/activesupport-3.0.9/lib/active_support/core_ext/benchmark.rb:5:in `block in ms'
/home/philip/.rvm/rubies/ruby-1.9.2-p290/lib/ruby/1.9.1/benchmark.rb:310:in `realtime'
/home/philip/Projects/hum/vendor/ruby/1.9.1/gems/activesupport-3.0.9/lib/active_support/core_ext/benchmark.rb:5:in `ms'
/home/philip/Projects/hum/vendor/ruby/1.9.1/gems/actionpack-3.0.9/lib/action_controller/metal/instrumentation.rb:40:in `block in render'
/home/philip/Projects/hum/vendor/ruby/1.9.1/gems/actionpack-3.0.9/lib/action_controller/metal/instrumentation.rb:78:in `cleanup_view_runtime'
/home/philip/Projects/hum/vendor/ruby/1.9.1/gems/dm-rails-1.1.0/lib/dm-rails/railties/controller_runtime.rb:19:in `cleanup_view_runtime'
/home/philip/Projects/hum/vendor/ruby/1.9.1/gems/actionpack-3.0.9/lib/action_controller/metal/instrumentation.rb:39:in `render'
/home/philip/Projects/hum/vendor/ruby/1.9.1/gems/actionpack-3.0.9/lib/action_controller/metal/implicit_render.rb:10:in `default_render'
/home/philip/Projects/hum/vendor/ruby/1.9.1/gems/actionpack-3.0.9/lib/action_controller/metal/implicit_render.rb:5:in `send_action'
/home/philip/Projects/hum/vendor/ruby/1.9.1/gems/actionpack-3.0.9/lib/abstract_controller/base.rb:150:in `process_action'
/home/philip/Projects/hum/vendor/ruby/1.9.1/gems/actionpack-3.0.9/lib/action_controller/metal/rendering.rb:11:in `process_action'
/home/philip/Projects/hum/vendor/ruby/1.9.1/gems/actionpack-3.0.9/lib/abstract_controller/callbacks.rb:18:in `block in process_action'
/home/philip/Projects/hum/vendor/ruby/1.9.1/gems/activesupport-3.0.9/lib/active_support/callbacks.rb:436:in `_run__2815309336294409676__process_action__1997199410283435385__callbacks'
/home/philip/Projects/hum/vendor/ruby/1.9.1/gems/activesupport-3.0.9/lib/active_support/callbacks.rb:410:in `_run_process_action_callbacks'
/home/philip/Projects/hum/vendor/ruby/1.9.1/gems/activesupport-3.0.9/lib/active_support/callbacks.rb:94:in `run_callbacks'
/home/philip/Projects/hum/vendor/ruby/1.9.1/gems/actionpack-3.0.9/lib/abstract_controller/callbacks.rb:17:in `process_action'
/home/philip/Projects/hum/vendor/ruby/1.9.1/gems/actionpack-3.0.9/lib/action_controller/metal/instrumentation.rb:30:in `block in process_action'
/home/philip/Projects/hum/vendor/ruby/1.9.1/gems/activesupport-3.0.9/lib/active_support/notifications.rb:52:in `block in instrument'
/home/philip/Projects/hum/vendor/ruby/1.9.1/gems/activesupport-3.0.9/lib/active_support/notifications/instrumenter.rb:21:in `instrument'
/home/philip/Projects/hum/vendor/ruby/1.9.1/gems/activesupport-3.0.9/lib/active_support/notifications.rb:52:in `instrument'
/home/philip/Projects/hum/vendor/ruby/1.9.1/gems/actionpack-3.0.9/lib/action_controller/metal/instrumentation.rb:29:in `process_action'
/home/philip/Projects/hum/vendor/ruby/1.9.1/gems/actionpack-3.0.9/lib/action_controller/metal/rescue.rb:17:in `process_action'
/home/philip/Projects/hum/vendor/ruby/1.9.1/gems/actionpack-3.0.9/lib/abstract_controller/base.rb:119:in `process'
/home/philip/Projects/hum/vendor/ruby/1.9.1/gems/actionpack-3.0.9/lib/abstract_controller/rendering.rb:41:in `process'
/home/philip/Projects/hum/vendor/ruby/1.9.1/gems/actionpack-3.0.9/lib/action_controller/metal.rb:138:in `dispatch'
/home/philip/Projects/hum/vendor/ruby/1.9.1/gems/actionpack-3.0.9/lib/action_controller/metal/rack_delegation.rb:14:in `dispatch'
/home/philip/Projects/hum/vendor/ruby/1.9.1/gems/actionpack-3.0.9/lib/action_controller/metal.rb:178:in `block in action'
/home/philip/Projects/hum/vendor/ruby/1.9.1/gems/dm-rails-1.1.0/lib/dm-rails/middleware/identity_map.rb:12:in `call'
/home/philip/Projects/hum/vendor/ruby/1.9.1/gems/dm-rails-1.1.0/lib/dm-rails/middleware/identity_map.rb:12:in `block in call'
/home/philip/Projects/hum/vendor/ruby/1.9.1/gems/dm-core-1.1.0/lib/dm-core.rb:252:in `block in repository'
/home/philip/Projects/hum/vendor/ruby/1.9.1/gems/dm-core-1.1.0/lib/dm-core/repository.rb:114:in `scope'
/home/philip/Projects/hum/vendor/ruby/1.9.1/gems/dm-core-1.1.0/lib/dm-core.rb:252:in `repository'
/home/philip/Projects/hum/vendor/ruby/1.9.1/gems/dm-rails-1.1.0/lib/dm-rails/middleware/identity_map.rb:11:in `call'
/home/philip/Projects/hum/vendor/ruby/1.9.1/gems/actionpack-3.0.9/lib/action_dispatch/routing/route_set.rb:62:in `dispatch'
/home/philip/Projects/hum/vendor/ruby/1.9.1/gems/actionpack-3.0.9/lib/action_dispatch/routing/route_set.rb:27:in `call'
/home/philip/Projects/hum/vendor/ruby/1.9.1/gems/rack-mount-0.6.14/lib/rack/mount/route_set.rb:148:in `block in call'
/home/philip/Projects/hum/vendor/ruby/1.9.1/gems/rack-mount-0.6.14/lib/rack/mount/code_generation.rb:93:in `block in recognize'
/home/philip/Projects/hum/vendor/ruby/1.9.1/gems/rack-mount-0.6.14/lib/rack/mount/code_generation.rb:68:in `optimized_each'
/home/philip/Projects/hum/vendor/ruby/1.9.1/gems/rack-mount-0.6.14/lib/rack/mount/code_generation.rb:92:in `recognize'
/home/philip/Projects/hum/vendor/ruby/1.9.1/gems/rack-mount-0.6.14/lib/rack/mount/route_set.rb:139:in `call'
/home/philip/Projects/hum/vendor/ruby/1.9.1/gems/actionpack-3.0.9/lib/action_dispatch/routing/route_set.rb:493:in `call'
/home/philip/Projects/hum/vendor/ruby/1.9.1/gems/sass-3.1.7/lib/sass/plugin/rack.rb:54:in `call'
/home/philip/Projects/hum/vendor/ruby/1.9.1/gems/actionpack-3.0.9/lib/action_dispatch/middleware/best_standards_support.rb:17:in `call'
/home/philip/Projects/hum/vendor/ruby/1.9.1/gems/actionpack-3.0.9/lib/action_dispatch/middleware/head.rb:14:in `call'
/home/philip/Projects/hum/vendor/ruby/1.9.1/gems/rack-1.2.3/lib/rack/methodoverride.rb:24:in `call'
/home/philip/Projects/hum/vendor/ruby/1.9.1/gems/actionpack-3.0.9/lib/action_dispatch/middleware/params_parser.rb:21:in `call'
/home/philip/Projects/hum/vendor/ruby/1.9.1/gems/actionpack-3.0.9/lib/action_dispatch/middleware/flash.rb:182:in `call'
/home/philip/Projects/hum/vendor/ruby/1.9.1/gems/actionpack-3.0.9/lib/action_dispatch/middleware/session/abstract_store.rb:149:in `call'
/home/philip/Projects/hum/vendor/ruby/1.9.1/gems/actionpack-3.0.9/lib/action_dispatch/middleware/cookies.rb:302:in `call'
/home/philip/Projects/hum/vendor/ruby/1.9.1/gems/actionpack-3.0.9/lib/action_dispatch/middleware/callbacks.rb:46:in `block in call'
/home/philip/Projects/hum/vendor/ruby/1.9.1/gems/activesupport-3.0.9/lib/active_support/callbacks.rb:416:in `_run_call_callbacks'
/home/philip/Projects/hum/vendor/ruby/1.9.1/gems/actionpack-3.0.9/lib/action_dispatch/middleware/callbacks.rb:44:in `call'
/home/philip/Projects/hum/vendor/ruby/1.9.1/gems/rack-1.2.3/lib/rack/sendfile.rb:107:in `call'
/home/philip/Projects/hum/vendor/ruby/1.9.1/gems/actionpack-3.0.9/lib/action_dispatch/middleware/remote_ip.rb:48:in `call'
/home/philip/Projects/hum/vendor/ruby/1.9.1/gems/actionpack-3.0.9/lib/action_dispatch/middleware/show_exceptions.rb:47:in `call'
/home/philip/Projects/hum/vendor/ruby/1.9.1/gems/railties-3.0.9/lib/rails/rack/logger.rb:13:in `call'
/home/philip/Projects/hum/vendor/ruby/1.9.1/gems/rack-1.2.3/lib/rack/runtime.rb:17:in `call'
/home/philip/Projects/hum/vendor/ruby/1.9.1/gems/activesupport-3.0.9/lib/active_support/cache/strategy/local_cache.rb:72:in `call'
/home/philip/Projects/hum/vendor/ruby/1.9.1/gems/rack-1.2.3/lib/rack/lock.rb:11:in `block in call'
<internal:prelude>:10:in `synchronize'
/home/philip/Projects/hum/vendor/ruby/1.9.1/gems/rack-1.2.3/lib/rack/lock.rb:11:in `call'
/home/philip/Projects/hum/vendor/ruby/1.9.1/gems/actionpack-3.0.9/lib/action_dispatch/middleware/static.rb:30:in `call'
/home/philip/Projects/hum/vendor/ruby/1.9.1/gems/railties-3.0.9/lib/rails/application.rb:168:in `call'
/home/philip/Projects/hum/vendor/ruby/1.9.1/gems/railties-3.0.9/lib/rails/application.rb:77:in `method_missing'
/home/philip/Projects/hum/vendor/ruby/1.9.1/gems/railties-3.0.9/lib/rails/rack/log_tailer.rb:14:in `call'
/home/philip/Projects/hum/vendor/ruby/1.9.1/gems/rack-1.2.3/lib/rack/content_length.rb:13:in `call'
/home/philip/Projects/hum/vendor/ruby/1.9.1/gems/rack-1.2.3/lib/rack/handler/webrick.rb:52:in `service'
/home/philip/.rvm/rubies/ruby-1.9.2-p290/lib/ruby/1.9.1/webrick/httpserver.rb:111:in `service'
/home/philip/.rvm/rubies/ruby-1.9.2-p290/lib/ruby/1.9.1/webrick/httpserver.rb:70:in `run'
/home/philip/.rvm/rubies/ruby-1.9.2-p290/lib/ruby/1.9.1/webrick/server.rb:183:in `block in start_thread'
Rendered application/index.html.haml within layouts/application (2.6ms)
Completed 500 Internal Server Error in 7ms

ActionView::Template::Error (/home/philip/Projects/hum/app/views/application/index.html.haml:8: syntax error, unexpected keyword_ensure, expecting keyword_end
...:Util.html_safe(_erbout);ensure;@haml_buffer = @haml_buffer....
...                               ^
/home/philip/Projects/hum/app/views/application/index.html.haml:11: syntax error, unexpected $end, expecting keyword_end):
    5:     .number= track[:id]
    6:     .name= track[:filename]
  

Rendered vendor/ruby/1.9.1/gems/actionpack-3.0.9/lib/action_dispatch/middleware/templates/rescues/_trace.erb (1.1ms)
Rendered vendor/ruby/1.9.1/gems/actionpack-3.0.9/lib/action_dispatch/middleware/templates/rescues/_request_and_response.erb (2.4ms)
Rendered vendor/ruby/1.9.1/gems/actionpack-3.0.9/lib/action_dispatch/middleware/templates/rescues/template_error.erb within rescues/layout (8.0ms)


Started GET "/" for 127.0.0.1 at 2011-08-07 12:37:11 +0200
  Processing by ApplicationController#index as HTML
Rendered application/index.html.haml within layouts/application (7.4ms)
Completed 200 OK in 12ms (Views: 11.4ms | Models: 0.000ms)


Started GET "/script/soundmanager2.js" for 127.0.0.1 at 2011-08-07 12:37:11 +0200

ActionController::RoutingError (No route matches "/script/soundmanager2.js"):
  

Rendered vendor/ruby/1.9.1/gems/actionpack-3.0.9/lib/action_dispatch/middleware/templates/rescues/routing_error.erb within rescues/layout (1.0ms)


Started GET "/load_tracks" for 127.0.0.1 at 2011-08-07 12:37:13 +0200
  Processing by ApplicationController#load_tracks as HTML
Completed 500 Internal Server Error in 4ms

NameError (uninitialized constant ApplicationController::HumClient):
  app/controllers/application_controller.rb:11:in `load_tracks'

Rendered vendor/ruby/1.9.1/gems/actionpack-3.0.9/lib/action_dispatch/middleware/templates/rescues/_trace.erb (1.1ms)
Rendered vendor/ruby/1.9.1/gems/actionpack-3.0.9/lib/action_dispatch/middleware/templates/rescues/_request_and_response.erb (2.5ms)
Rendered vendor/ruby/1.9.1/gems/actionpack-3.0.9/lib/action_dispatch/middleware/templates/rescues/diagnostics.erb within rescues/layout (7.2ms)


Started GET "/load_tracks" for 127.0.0.1 at 2011-08-07 12:37:59 +0200
  Processing by ApplicationController#load_tracks as HTML
  [1m[36mSQL (0.233ms)[0m  [1mSELECT "id", "server" FROM "hum_configs" ORDER BY "id" LIMIT 1[0m
Rendered application/index.html.haml within layouts/application (212.9ms)
Completed 200 OK in 1018ms (Views: 216.5ms | Models: 0.233ms)

ActionDispatch::Cookies::CookieOverflow (ActionDispatch::Cookies::CookieOverflow):
  

Rendered vendor/ruby/1.9.1/gems/actionpack-3.0.9/lib/action_dispatch/middleware/templates/rescues/_trace.erb (1.1ms)
Rendered vendor/ruby/1.9.1/gems/actionpack-3.0.9/lib/action_dispatch/middleware/templates/rescues/_request_and_response.erb (1321.2ms)
Rendered vendor/ruby/1.9.1/gems/actionpack-3.0.9/lib/action_dispatch/middleware/templates/rescues/diagnostics.erb within rescues/layout (1378.6ms)


Started GET "/load_tracks" for 127.0.0.1 at 2011-08-07 12:44:06 +0200
  Processing by ApplicationController#load_tracks as HTML
  [1m[35mSQL (0.173ms)[0m  SELECT "id", "server" FROM "hum_configs" ORDER BY "id" LIMIT 1
Rendered application/index.html.haml within layouts/application (194.6ms)
Completed 200 OK in 1012ms (Views: 198.1ms | Models: 0.173ms)


Started GET "/script/soundmanager2.js" for 127.0.0.1 at 2011-08-07 12:44:08 +0200

ActionController::RoutingError (No route matches "/script/soundmanager2.js"):
  

Rendered vendor/ruby/1.9.1/gems/actionpack-3.0.9/lib/action_dispatch/middleware/templates/rescues/routing_error.erb within rescues/layout (1.0ms)


Started GET "/load_tracks" for 127.0.0.1 at 2011-08-07 12:45:03 +0200
  Processing by ApplicationController#load_tracks as HTML
  [1m[36mSQL (0.054ms)[0m  [1mSELECT "id", "server" FROM "hum_configs" ORDER BY "id" LIMIT 1[0m
Rendered application/index.html.haml within layouts/application (194.8ms)
Completed 200 OK in 1044ms (Views: 198.1ms | Models: 0.054ms)


Started GET "/script/soundmanager2.js" for 127.0.0.1 at 2011-08-07 12:45:04 +0200

ActionController::RoutingError (No route matches "/script/soundmanager2.js"):
  

Rendered vendor/ruby/1.9.1/gems/actionpack-3.0.9/lib/action_dispatch/middleware/templates/rescues/routing_error.erb within rescues/layout (1.0ms)


Started GET "/load_tracks" for 127.0.0.1 at 2011-08-07 12:45:20 +0200
  Processing by ApplicationController#load_tracks as HTML
  [1m[35mSQL (0.057ms)[0m  SELECT "id", "server" FROM "hum_configs" ORDER BY "id" LIMIT 1
Rendered application/index.html.haml within layouts/application (196.6ms)
Completed 200 OK in 1065ms (Views: 200.0ms | Models: 0.057ms)


Started GET "/" for 127.0.0.1 at 2011-08-07 12:47:36 +0200
  Processing by ApplicationController#index as HTML
Rendered application/index.html.haml within layouts/application (2.8ms)
Completed 500 Internal Server Error in 6ms

ActionView::Template::Error (You have a nil object when you didn't expect it!
You might have expected an instance of Array.
The error occurred while evaluating nil.size):
    1: = link_to 'Load Tracks', load_tracks_path
    2: = @listing.size
    3: - if @listing
    4:   - @listing.each do |track|
    5:     .track
  app/views/application/index.html.haml:2:in `_app_views_application_index_html_haml___844426173883971823_39261600_2604087899940775763'

Rendered vendor/ruby/1.9.1/gems/actionpack-3.0.9/lib/action_dispatch/middleware/templates/rescues/_trace.erb (1.0ms)
Rendered vendor/ruby/1.9.1/gems/actionpack-3.0.9/lib/action_dispatch/middleware/templates/rescues/_request_and_response.erb (2.5ms)
Rendered vendor/ruby/1.9.1/gems/actionpack-3.0.9/lib/action_dispatch/middleware/templates/rescues/template_error.erb within rescues/layout (7.8ms)


Started GET "/" for 127.0.0.1 at 2011-08-07 12:48:04 +0200
  Processing by ApplicationController#index as HTML
Rendered application/index.html.haml within layouts/application (6.0ms)
Completed 200 OK in 10ms (Views: 9.8ms | Models: 0.000ms)


Started GET "/script/soundmanager2.js" for 127.0.0.1 at 2011-08-07 12:48:04 +0200

ActionController::RoutingError (No route matches "/script/soundmanager2.js"):
  

Rendered vendor/ruby/1.9.1/gems/actionpack-3.0.9/lib/action_dispatch/middleware/templates/rescues/routing_error.erb within rescues/layout (5.4ms)


Started GET "/load_tracks" for 127.0.0.1 at 2011-08-07 12:48:07 +0200
  Processing by ApplicationController#load_tracks as HTML
  [1m[36mSQL (0.160ms)[0m  [1mSELECT "id", "server" FROM "hum_configs" ORDER BY "id" LIMIT 1[0m
Rendered application/index.html.haml within layouts/application (196.9ms)
Completed 200 OK in 991ms (Views: 200.2ms | Models: 0.160ms)


Started GET "/script/soundmanager2.js" for 127.0.0.1 at 2011-08-07 12:48:08 +0200

ActionController::RoutingError (No route matches "/script/soundmanager2.js"):
  

Rendered vendor/ruby/1.9.1/gems/actionpack-3.0.9/lib/action_dispatch/middleware/templates/rescues/routing_error.erb within rescues/layout (1.0ms)


Started GET "/load_tracks" for 127.0.0.1 at 2011-08-07 12:48:32 +0200
  Processing by ApplicationController#load_tracks as HTML
  [1m[35mSQL (0.052ms)[0m  SELECT "id", "server" FROM "hum_configs" ORDER BY "id" LIMIT 1
Rendered application/index.html.haml within layouts/application (200.6ms)
Completed 200 OK in 1009ms (Views: 204.0ms | Models: 0.052ms)


Started GET "/script/soundmanager2.js" for 127.0.0.1 at 2011-08-07 12:48:33 +0200

ActionController::RoutingError (No route matches "/script/soundmanager2.js"):
  

Rendered vendor/ruby/1.9.1/gems/actionpack-3.0.9/lib/action_dispatch/middleware/templates/rescues/routing_error.erb within rescues/layout (1.0ms)


Started GET "/load_tracks" for 127.0.0.1 at 2011-08-07 12:48:45 +0200
  Processing by ApplicationController#load_tracks as HTML
  [1m[36mSQL (0.056ms)[0m  [1mSELECT "id", "server" FROM "hum_configs" ORDER BY "id" LIMIT 1[0m
Rendered application/index.html.haml within layouts/application (1620.2ms)
Completed 200 OK in 2407ms (Views: 1624.1ms | Models: 0.056ms)


Started GET "/script/soundmanager2.js" for 127.0.0.1 at 2011-08-07 12:48:48 +0200

ActionController::RoutingError (No route matches "/script/soundmanager2.js"):
  

Rendered vendor/ruby/1.9.1/gems/actionpack-3.0.9/lib/action_dispatch/middleware/templates/rescues/routing_error.erb within rescues/layout (1.0ms)


Started GET "/load_tracks" for 127.0.0.1 at 2011-08-07 12:50:17 +0200
  Processing by ApplicationController#load_tracks as HTML
  [1m[35mSQL (0.156ms)[0m  SELECT "id", "server" FROM "hum_configs" ORDER BY "id" LIMIT 1
Rendered application/index.html.haml within layouts/application (203.4ms)
Completed 200 OK in 987ms (Views: 206.7ms | Models: 0.156ms)


Started GET "/script/soundmanager2.js" for 127.0.0.1 at 2011-08-07 12:50:19 +0200

ActionController::RoutingError (No route matches "/script/soundmanager2.js"):
  

Rendered vendor/ruby/1.9.1/gems/actionpack-3.0.9/lib/action_dispatch/middleware/templates/rescues/routing_error.erb within rescues/layout (1.1ms)


Started GET "/load_tracks" for 127.0.0.1 at 2011-08-07 12:51:01 +0200
  Processing by ApplicationController#load_tracks as HTML
  [1m[36mSQL (0.060ms)[0m  [1mSELECT "id", "server" FROM "hum_configs" ORDER BY "id" LIMIT 1[0m
Rendered application/index.html.haml within layouts/application (671.9ms)
Completed 200 OK in 1437ms (Views: 675.4ms | Models: 0.060ms)


Started GET "/script/soundmanager2.js" for 127.0.0.1 at 2011-08-07 12:51:03 +0200

ActionController::RoutingError (No route matches "/script/soundmanager2.js"):
  

Rendered vendor/ruby/1.9.1/gems/actionpack-3.0.9/lib/action_dispatch/middleware/templates/rescues/routing_error.erb within rescues/layout (1.0ms)


Started GET "/load_tracks" for 127.0.0.1 at 2011-08-07 12:52:29 +0200
  Processing by ApplicationController#load_tracks as HTML
  [1m[35mSQL (0.177ms)[0m  SELECT "id", "server" FROM "hum_configs" ORDER BY "id" LIMIT 1
Rendered application/index.html.haml within layouts/application (337.4ms)
Completed 200 OK in 1137ms (Views: 348.1ms | Models: 0.177ms)


Started GET "/script/soundmanager2.js" for 127.0.0.1 at 2011-08-07 12:52:30 +0200

ActionController::RoutingError (No route matches "/script/soundmanager2.js"):
  

Rendered vendor/ruby/1.9.1/gems/actionpack-3.0.9/lib/action_dispatch/middleware/templates/rescues/routing_error.erb within rescues/layout (10.5ms)


Started GET "/load_tracks" for 127.0.0.1 at 2011-08-07 12:54:06 +0200
  Processing by ApplicationController#load_tracks as HTML
  [1m[36mSQL (0.154ms)[0m  [1mSELECT "id", "server" FROM "hum_configs" ORDER BY "id" LIMIT 1[0m
Rendered application/index.html.haml within layouts/application (691.7ms)
Completed 500 Internal Server Error in 1484ms

ActionView::Template::Error (undefined method `play_track_path' for #<#<Class:0x00000004ad7470>:0x00000004ad4928>):
    3:   = @listing.size
    4:   - @listing.each do |track|
    5:     .track
    6:       .number= link_to track['id'], play_track_path(track['id'])
    7:       .name= track['filename']
  app/views/application/index.html.haml:6:in `block in _app_views_application_index_html_haml___844426173883971823_39229800_2604087899940775763'
  app/views/application/index.html.haml:4:in `each'
  app/views/application/index.html.haml:4:in `_app_views_application_index_html_haml___844426173883971823_39229800_2604087899940775763'
  app/controllers/application_controller.rb:12:in `load_tracks'

Rendered vendor/ruby/1.9.1/gems/actionpack-3.0.9/lib/action_dispatch/middleware/templates/rescues/_trace.erb (1.0ms)
Rendered vendor/ruby/1.9.1/gems/actionpack-3.0.9/lib/action_dispatch/middleware/templates/rescues/_request_and_response.erb (177.5ms)
Rendered vendor/ruby/1.9.1/gems/actionpack-3.0.9/lib/action_dispatch/middleware/templates/rescues/template_error.erb within rescues/layout (183.7ms)


Started GET "/load_tracks" for 127.0.0.1 at 2011-08-07 12:55:57 +0200
  Processing by ApplicationController#load_tracks as HTML
  [1m[35mSQL (0.178ms)[0m  SELECT "id", "server" FROM "hum_configs" ORDER BY "id" LIMIT 1
Rendered application/index.html.haml within layouts/application (655.2ms)
Completed 500 Internal Server Error in 1511ms

ActionView::Template::Error (undefined method `play_track_path' for #<#<Class:0x00000004fccca0>:0x00000004fca4c8>):
    3:   = @listing.size
    4:   - @listing.each do |track|
    5:     .track
    6:       .number= link_to track['id'], play_track_path(track['id'])
    7:       .name= track['filename']
  app/views/application/index.html.haml:6:in `block in _app_views_application_index_html_haml___844426173883971823_41830540_2604087899940775763'
  app/views/application/index.html.haml:4:in `each'
  app/views/application/index.html.haml:4:in `_app_views_application_index_html_haml___844426173883971823_41830540_2604087899940775763'
  app/controllers/application_controller.rb:12:in `load_tracks'

Rendered vendor/ruby/1.9.1/gems/actionpack-3.0.9/lib/action_dispatch/middleware/templates/rescues/_trace.erb (1.0ms)
Rendered vendor/ruby/1.9.1/gems/actionpack-3.0.9/lib/action_dispatch/middleware/templates/rescues/_request_and_response.erb (173.2ms)
Rendered vendor/ruby/1.9.1/gems/actionpack-3.0.9/lib/action_dispatch/middleware/templates/rescues/template_error.erb within rescues/layout (179.4ms)


Started GET "/load_tracks" for 127.0.0.1 at 2011-08-07 12:56:12 +0200
  Processing by ApplicationController#load_tracks as HTML
  [1m[36mSQL (0.061ms)[0m  [1mSELECT "id", "server" FROM "hum_configs" ORDER BY "id" LIMIT 1[0m
Rendered application/index.html.haml within layouts/application (645.6ms)
Completed 500 Internal Server Error in 1421ms

ActionView::Template::Error (undefined method `play_track_path' for #<#<Class:0x000000047e4ec0>:0x000000047e02f8>):
    3:   = @listing.size
    4:   - @listing.each do |track|
    5:     .track
    6:       .number= link_to track['id'], play_track_path(track['id'])
    7:       .name= track['filename']
  app/views/application/index.html.haml:6:in `block in _app_views_application_index_html_haml___844426173883971823_37676200_2604087899940775763'
  app/views/application/index.html.haml:4:in `each'
  app/views/application/index.html.haml:4:in `_app_views_application_index_html_haml___844426173883971823_37676200_2604087899940775763'
  app/controllers/application_controller.rb:12:in `load_tracks'

Rendered vendor/ruby/1.9.1/gems/actionpack-3.0.9/lib/action_dispatch/middleware/templates/rescues/_trace.erb (1.1ms)
Rendered vendor/ruby/1.9.1/gems/actionpack-3.0.9/lib/action_dispatch/middleware/templates/rescues/_request_and_response.erb (180.1ms)
Rendered vendor/ruby/1.9.1/gems/actionpack-3.0.9/lib/action_dispatch/middleware/templates/rescues/template_error.erb within rescues/layout (186.4ms)


Started GET "/load_tracks" for 127.0.0.1 at 2011-08-07 12:56:44 +0200
  Processing by ApplicationController#load_tracks as HTML
  [1m[35mSQL (0.054ms)[0m  SELECT "id", "server" FROM "hum_configs" ORDER BY "id" LIMIT 1
Rendered application/index.html.haml within layouts/application (671.4ms)
Completed 500 Internal Server Error in 1445ms

ActionView::Template::Error (undefined method `play_track_path' for #<#<Class:0x0000000441bb18>:0x00000004419fe8>):
    3:   = @listing.size
    4:   - @listing.each do |track|
    5:     .track
    6:       .number= link_to track['id'], play_track_path(track['id'])
    7:       .name= track['filename']
  app/views/application/index.html.haml:6:in `block in _app_views_application_index_html_haml___844426173883971823_35702320_2604087899940775763'
  app/views/application/index.html.haml:4:in `each'
  app/views/application/index.html.haml:4:in `_app_views_application_index_html_haml___844426173883971823_35702320_2604087899940775763'
  app/controllers/application_controller.rb:12:in `load_tracks'

Rendered vendor/ruby/1.9.1/gems/actionpack-3.0.9/lib/action_dispatch/middleware/templates/rescues/_trace.erb (1.0ms)
Rendered vendor/ruby/1.9.1/gems/actionpack-3.0.9/lib/action_dispatch/middleware/templates/rescues/_request_and_response.erb (126.6ms)
Rendered vendor/ruby/1.9.1/gems/actionpack-3.0.9/lib/action_dispatch/middleware/templates/rescues/template_error.erb within rescues/layout (132.8ms)


Started GET "/load_tracks" for 127.0.0.1 at 2011-08-07 12:57:21 +0200
  Processing by ApplicationController#load_tracks as HTML
  [1m[36mSQL (0.065ms)[0m  [1mSELECT "id", "server" FROM "hum_configs" ORDER BY "id" LIMIT 1[0m
Rendered application/index.html.haml within layouts/application (2017.4ms)
Completed 200 OK in 2873ms (Views: 2020.8ms | Models: 0.065ms)


Started GET "/script/soundmanager2.js" for 127.0.0.1 at 2011-08-07 12:57:25 +0200

ActionController::RoutingError (No route matches "/script/soundmanager2.js"):
  

Rendered vendor/ruby/1.9.1/gems/actionpack-3.0.9/lib/action_dispatch/middleware/templates/rescues/routing_error.erb within rescues/layout (0.9ms)


Started GET "/load_tracks" for 127.0.0.1 at 2011-08-07 12:57:30 +0200
  Processing by ApplicationController#load_tracks as HTML
  [1m[35mSQL (0.055ms)[0m  SELECT "id", "server" FROM "hum_configs" ORDER BY "id" LIMIT 1
Rendered application/index.html.haml within layouts/application (2022.5ms)
Completed 200 OK in 2787ms (Views: 2025.8ms | Models: 0.055ms)


Started GET "/" for 127.0.0.1 at 2011-08-07 13:05:03 +0200
  Processing by ApplicationController#index as HTML
Rendered application/index.html.haml within layouts/application (6.3ms)
Completed 200 OK in 12ms (Views: 11.7ms | Models: 0.000ms)


Started GET "/load_tracks" for 127.0.0.1 at 2011-08-07 13:05:03 +0200
  Processing by ApplicationController#load_tracks as HTML
  [1m[36mSQL (0.166ms)[0m  [1mSELECT "id", "server" FROM "hum_configs" ORDER BY "id" LIMIT 1[0m
Rendered application/index.html.haml within layouts/application (2012.3ms)
Completed 200 OK in 2828ms (Views: 2015.7ms | Models: 0.166ms)


Started GET "/soundmanager2_debug.swf" for 127.0.0.1 at 2011-08-07 13:05:08 +0200

ActionController::RoutingError (No route matches "/soundmanager2_debug.swf"):
  

Rendered vendor/ruby/1.9.1/gems/actionpack-3.0.9/lib/action_dispatch/middleware/templates/rescues/routing_error.erb within rescues/layout (1.0ms)


Started GET "/load_tracks" for 127.0.0.1 at 2011-08-07 13:06:30 +0200
  Processing by ApplicationController#load_tracks as HTML
  [1m[35mSQL (0.174ms)[0m  SELECT "id", "server" FROM "hum_configs" ORDER BY "id" LIMIT 1
Rendered application/index.html.haml within layouts/application (2080.1ms)
Completed 200 OK in 2918ms (Views: 2083.9ms | Models: 0.174ms)


Started GET "/load_tracks" for 127.0.0.1 at 2011-08-07 13:06:33 +0200
  Processing by ApplicationController#load_tracks as HTML
  [1m[36mSQL (0.057ms)[0m  [1mSELECT "id", "server" FROM "hum_configs" ORDER BY "id" LIMIT 1[0m
Rendered application/index.html.haml within layouts/application (2066.0ms)
Completed 200 OK in 2907ms (Views: 2069.4ms | Models: 0.057ms)


Started GET "/soundmanager2_debug.swf" for 127.0.0.1 at 2011-08-07 13:06:37 +0200

ActionController::RoutingError (No route matches "/soundmanager2_debug.swf"):
  

Rendered vendor/ruby/1.9.1/gems/actionpack-3.0.9/lib/action_dispatch/middleware/templates/rescues/routing_error.erb within rescues/layout (1.0ms)


Started GET "/load_tracks" for 127.0.0.1 at 2011-08-07 13:07:19 +0200
  Processing by ApplicationController#load_tracks as HTML
  [1m[35mSQL (0.057ms)[0m  SELECT "id", "server" FROM "hum_configs" ORDER BY "id" LIMIT 1
Rendered application/index.html.haml within layouts/application (2056.8ms)
Completed 200 OK in 2900ms (Views: 2060.1ms | Models: 0.057ms)


Started GET "/soundmanager2_debug.swf" for 127.0.0.1 at 2011-08-07 13:07:24 +0200

ActionController::RoutingError (No route matches "/soundmanager2_debug.swf"):
  

Rendered vendor/ruby/1.9.1/gems/actionpack-3.0.9/lib/action_dispatch/middleware/templates/rescues/routing_error.erb within rescues/layout (2.0ms)


Started GET "/load_tracks" for 127.0.0.1 at 2011-08-07 13:07:54 +0200
  Processing by ApplicationController#load_tracks as HTML
  [1m[36mSQL (0.063ms)[0m  [1mSELECT "id", "server" FROM "hum_configs" ORDER BY "id" LIMIT 1[0m
Rendered application/index.html.haml within layouts/application (2065.0ms)
Completed 200 OK in 3021ms (Views: 2068.3ms | Models: 0.063ms)


Started GET "/load_tracks" for 127.0.0.1 at 2011-08-07 13:07:57 +0200
  Processing by ApplicationController#load_tracks as HTML
  [1m[35mSQL (0.053ms)[0m  SELECT "id", "server" FROM "hum_configs" ORDER BY "id" LIMIT 1
Rendered application/index.html.haml within layouts/application (2092.3ms)
Completed 200 OK in 2961ms (Views: 2095.7ms | Models: 0.053ms)


Started GET "/soundmanager2_debug.swf" for 127.0.0.1 at 2011-08-07 13:08:02 +0200

ActionController::RoutingError (No route matches "/soundmanager2_debug.swf"):
  

Rendered vendor/ruby/1.9.1/gems/actionpack-3.0.9/lib/action_dispatch/middleware/templates/rescues/routing_error.erb within rescues/layout (1.1ms)


Started GET "/load_tracks" for 127.0.0.1 at 2011-08-07 13:09:59 +0200
  Processing by ApplicationController#load_tracks as HTML
  [1m[36mSQL (0.163ms)[0m  [1mSELECT "id", "server" FROM "hum_configs" ORDER BY "id" LIMIT 1[0m
Rendered application/index.html.haml within layouts/application (2031.9ms)
Completed 200 OK in 2828ms (Views: 2035.6ms | Models: 0.163ms)


Started GET "/soundmanager2_debug.swf" for 127.0.0.1 at 2011-08-07 13:10:04 +0200

ActionController::RoutingError (No route matches "/soundmanager2_debug.swf"):
  

Rendered vendor/ruby/1.9.1/gems/actionpack-3.0.9/lib/action_dispatch/middleware/templates/rescues/routing_error.erb within rescues/layout (0.9ms)


Started GET "/load_tracks" for 127.0.0.1 at 2011-08-07 13:11:07 +0200
  Processing by ApplicationController#load_tracks as HTML
  [1m[35mSQL (0.170ms)[0m  SELECT "id", "server" FROM "hum_configs" ORDER BY "id" LIMIT 1
Rendered application/index.html.haml within layouts/application (2030.9ms)
Completed 200 OK in 2857ms (Views: 2034.2ms | Models: 0.170ms)


Started GET "/load_tracks" for 127.0.0.1 at 2011-08-07 13:11:10 +0200
  Processing by ApplicationController#load_tracks as HTML
  [1m[36mSQL (0.053ms)[0m  [1mSELECT "id", "server" FROM "hum_configs" ORDER BY "id" LIMIT 1[0m
Rendered application/index.html.haml within layouts/application (2028.7ms)
Completed 200 OK in 2835ms (Views: 2031.9ms | Models: 0.053ms)


Started GET "/load_tracks" for 127.0.0.1 at 2011-08-07 13:12:08 +0200
  Processing by ApplicationController#load_tracks as HTML
  [1m[35mSQL (0.063ms)[0m  SELECT "id", "server" FROM "hum_configs" ORDER BY "id" LIMIT 1
Rendered application/index.html.haml within layouts/application (2042.7ms)
Completed 200 OK in 2819ms (Views: 2046.0ms | Models: 0.063ms)


Started GET "/load_tracks" for 127.0.0.1 at 2011-08-07 13:12:11 +0200
  Processing by ApplicationController#load_tracks as HTML
  [1m[36mSQL (0.053ms)[0m  [1mSELECT "id", "server" FROM "hum_configs" ORDER BY "id" LIMIT 1[0m
Rendered application/index.html.haml within layouts/application (2057.2ms)
Completed 200 OK in 2862ms (Views: 2060.5ms | Models: 0.053ms)


Started GET "/load_tracks" for 127.0.0.1 at 2011-08-07 13:17:13 +0200
  Processing by ApplicationController#load_tracks as HTML
  [1m[35mSQL (0.247ms)[0m  SELECT "id", "server" FROM "hum_configs" ORDER BY "id" LIMIT 1
Rendered application/index.html.haml within layouts/application (2061.4ms)
Completed 200 OK in 2850ms (Views: 2064.9ms | Models: 0.247ms)


Started GET "/load_tracks" for 127.0.0.1 at 2011-08-07 13:18:33 +0200
  Processing by ApplicationController#load_tracks as HTML
  [1m[36mSQL (0.169ms)[0m  [1mSELECT "id", "server" FROM "hum_configs" ORDER BY "id" LIMIT 1[0m
Rendered application/index.html.haml within layouts/application (2051.6ms)
Completed 200 OK in 2829ms (Views: 2055.0ms | Models: 0.169ms)


Started GET "/load_tracks" for 127.0.0.1 at 2011-08-07 13:19:37 +0200
  Processing by ApplicationController#load_tracks as HTML
  [1m[35mSQL (0.167ms)[0m  SELECT "id", "server" FROM "hum_configs" ORDER BY "id" LIMIT 1
Rendered application/index.html.haml within layouts/application (2050.4ms)
Completed 200 OK in 3049ms (Views: 2053.9ms | Models: 0.167ms)
DEPRECATION WARNING: config.action_view.debug_rjs will be removed in 3.1, from 3.1 onwards you will need to install prototype-rails to continue to use RJS templates . (called from <top (required)> at /home/philip/Projects/hum/config/environment.rb:5)
[datamapper] Setting up the "development" environment:
[datamapper] Setting up :default repository: '/home/philip/Projects/hum/db/hum_dev.db' on sqlite3
DEPRECATION WARNING: config.action_view.debug_rjs will be removed in 3.1, from 3.1 onwards you will need to install prototype-rails to continue to use RJS templates . (called from <top (required)> at /home/philip/Projects/hum/config/environment.rb:5)
[datamapper] Setting up the "development" environment:
[datamapper] Setting up :default repository: '/home/philip/Projects/hum/db/hum_dev.db' on sqlite3


Started GET "/load_tracks" for 127.0.0.1 at 2011-08-07 13:29:34 +0200
  Processing by ApplicationController#load_tracks as HTML
  [1m[36mSQL (0.160ms)[0m  [1mSELECT "id", "server" FROM "hum_configs" ORDER BY "id" LIMIT 1[0m
Rendered application/index.html.haml within layouts/application (822.6ms)
Completed 200 OK in 2030ms (Views: 826.4ms | Models: 0.160ms)


Started GET "/load_tracks" for 127.0.0.1 at 2011-08-07 13:33:48 +0200
  Processing by ApplicationController#load_tracks as HTML
  [1m[35mSQL (0.170ms)[0m  SELECT "id", "server" FROM "hum_configs" ORDER BY "id" LIMIT 1
Rendered application/index.html.haml within layouts/application (18.0ms)
Completed 200 OK in 865ms (Views: 22.0ms | Models: 0.170ms)


Started GET "/" for 127.0.0.1 at 2011-08-07 13:34:09 +0200
  Processing by ApplicationController#index as HTML
Rendered application/index.html.haml within layouts/application (6.1ms)
Completed 200 OK in 10ms (Views: 9.5ms | Models: 0.000ms)


Started GET "/load_tracks" for 127.0.0.1 at 2011-08-07 13:34:11 +0200
  Processing by ApplicationController#load_tracks as HTML
  [1m[36mSQL (0.058ms)[0m  [1mSELECT "id", "server" FROM "hum_configs" ORDER BY "id" LIMIT 1[0m
Rendered application/index.html.haml within layouts/application (7.8ms)
Completed 200 OK in 827ms (Views: 12.0ms | Models: 0.058ms)


Started GET "/load_tracks" for 127.0.0.1 at 2011-08-07 13:35:04 +0200
  Processing by ApplicationController#load_tracks as HTML
  [1m[35mSQL (0.067ms)[0m  SELECT "id", "server" FROM "hum_configs" ORDER BY "id" LIMIT 1
Rendered application/index.html.haml within layouts/application (7.0ms)
Completed 200 OK in 965ms (Views: 10.0ms | Models: 0.067ms)


Started GET "/load_tracks" for 127.0.0.1 at 2011-08-07 13:35:05 +0200
  Processing by ApplicationController#load_tracks as HTML
  [1m[36mSQL (0.056ms)[0m  [1mSELECT "id", "server" FROM "hum_configs" ORDER BY "id" LIMIT 1[0m
Rendered application/index.html.haml within layouts/application (77.4ms)
Completed 200 OK in 1119ms (Views: 80.6ms | Models: 0.056ms)


Started GET "/load_tracks" for 127.0.0.1 at 2011-08-07 13:36:44 +0200
  Processing by ApplicationController#load_tracks as HTML
  [1m[35mSQL (0.059ms)[0m  SELECT "id", "server" FROM "hum_configs" ORDER BY "id" LIMIT 1
Rendered application/index.html.haml within layouts/application (31.1ms)
Completed 200 OK in 833ms (Views: 35.0ms | Models: 0.059ms)


Started GET "/load_tracks" for 127.0.0.1 at 2011-08-07 13:37:22 +0200
  Processing by ApplicationController#load_tracks as HTML
  [1m[36mSQL (0.060ms)[0m  [1mSELECT "id", "server" FROM "hum_configs" ORDER BY "id" LIMIT 1[0m
Rendered application/index.html.haml within layouts/application (7.9ms)
Completed 200 OK in 757ms (Views: 11.2ms | Models: 0.060ms)


Started GET "/load_tracks" for 127.0.0.1 at 2011-08-07 13:37:53 +0200
  Processing by ApplicationController#load_tracks as HTML
  [1m[35mSQL (0.091ms)[0m  SELECT "id", "server" FROM "hum_configs" ORDER BY "id" LIMIT 1
Rendered application/index.html.haml within layouts/application (7.3ms)
Completed 200 OK in 875ms (Views: 10.4ms | Models: 0.091ms)


Started GET "/load_tracks" for 127.0.0.1 at 2011-08-07 13:38:56 +0200
  Processing by ApplicationController#load_tracks as HTML
  [1m[36mSQL (0.081ms)[0m  [1mSELECT "id", "server" FROM "hum_configs" ORDER BY "id" LIMIT 1[0m
Rendered application/index.html.haml within layouts/application (7.0ms)
Completed 200 OK in 744ms (Views: 10.3ms | Models: 0.081ms)


Started GET "/load_tracks" for 127.0.0.1 at 2011-08-07 13:40:09 +0200
  Processing by ApplicationController#load_tracks as HTML
  [1m[35mSQL (0.089ms)[0m  SELECT "id", "server" FROM "hum_configs" ORDER BY "id" LIMIT 1
Rendered application/index.html.haml within layouts/application (4.0ms)
Completed 500 Internal Server Error in 734ms

ActionView::Template::Error (Inconsistent indentation: 5 spaces were used for indentation, but the rest of the document was indented using 2 spaces.):
    2: %html
    3:   %head
    4:     %title Hum - Client of the melody server
    5:      = javascript_include_tag('soundmanager2')
    6:     :javascript
    7:       soundManager.url = "/swf/";
    8:       soundManager.debugFlash = true;
  app/views/layouts/application.html.haml:5
  app/controllers/application_controller.rb:12:in `load_tracks'

Rendered vendor/ruby/1.9.1/gems/actionpack-3.0.9/lib/action_dispatch/middleware/templates/rescues/_trace.erb (1.1ms)
Rendered vendor/ruby/1.9.1/gems/actionpack-3.0.9/lib/action_dispatch/middleware/templates/rescues/_request_and_response.erb (2.7ms)
Rendered vendor/ruby/1.9.1/gems/actionpack-3.0.9/lib/action_dispatch/middleware/templates/rescues/template_error.erb within rescues/layout (7.8ms)


Started GET "/load_tracks" for 127.0.0.1 at 2011-08-07 13:40:18 +0200
  Processing by ApplicationController#load_tracks as HTML
  [1m[36mSQL (0.057ms)[0m  [1mSELECT "id", "server" FROM "hum_configs" ORDER BY "id" LIMIT 1[0m
Rendered application/index.html.haml within layouts/application (7.4ms)
Completed 200 OK in 799ms (Views: 11.0ms | Models: 0.057ms)


Started GET "/load_tracks" for 127.0.0.1 at 2011-08-07 13:41:39 +0200
  Processing by ApplicationController#load_tracks as HTML
  [1m[35mSQL (0.057ms)[0m  SELECT "id", "server" FROM "hum_configs" ORDER BY "id" LIMIT 1
Rendered application/index.html.haml within layouts/application (7.9ms)
Completed 200 OK in 3171ms (Views: 11.1ms | Models: 0.057ms)


Started GET "/load_tracks" for 127.0.0.1 at 2011-08-07 13:44:21 +0200
  Processing by ApplicationController#load_tracks as HTML
  [1m[36mSQL (0.166ms)[0m  [1mSELECT "id", "server" FROM "hum_configs" ORDER BY "id" LIMIT 1[0m
Rendered application/index.html.haml within layouts/application (7.4ms)
Completed 200 OK in 872ms (Views: 10.8ms | Models: 0.166ms)


Started GET "/load_tracks" for 127.0.0.1 at 2011-08-07 13:48:24 +0200
  Processing by ApplicationController#load_tracks as HTML
  [1m[35mSQL (0.186ms)[0m  SELECT "id", "server" FROM "hum_configs" ORDER BY "id" LIMIT 1
Rendered application/index.html.haml within layouts/application (7.5ms)
Completed 200 OK in 960ms (Views: 10.7ms | Models: 0.186ms)


Started GET "/load_tracks" for 127.0.0.1 at 2011-08-07 13:48:25 +0200
  Processing by ApplicationController#load_tracks as HTML
  [1m[36mSQL (0.054ms)[0m  [1mSELECT "id", "server" FROM "hum_configs" ORDER BY "id" LIMIT 1[0m
Rendered application/index.html.haml within layouts/application (77.6ms)
Completed 200 OK in 963ms (Views: 80.9ms | Models: 0.054ms)


Started GET "/load_tracks" for 127.0.0.1 at 2011-08-07 13:49:34 +0200
  Processing by ApplicationController#load_tracks as HTML
  [1m[35mSQL (0.061ms)[0m  SELECT "id", "server" FROM "hum_configs" ORDER BY "id" LIMIT 1
Rendered application/index.html.haml within layouts/application (7.5ms)
Completed 200 OK in 797ms (Views: 10.6ms | Models: 0.061ms)


Started GET "/load_tracks" for 127.0.0.1 at 2011-08-07 13:50:35 +0200
  Processing by ApplicationController#load_tracks as HTML
  [1m[36mSQL (0.059ms)[0m  [1mSELECT "id", "server" FROM "hum_configs" ORDER BY "id" LIMIT 1[0m
Rendered application/index.html.haml within layouts/application (7.9ms)
Completed 200 OK in 820ms (Views: 11.1ms | Models: 0.059ms)


Started GET "/load_tracks" for 127.0.0.1 at 2011-08-07 13:54:13 +0200
  Processing by ApplicationController#load_tracks as HTML
  [1m[35mSQL (0.173ms)[0m  SELECT "id", "server" FROM "hum_configs" ORDER BY "id" LIMIT 1
Rendered application/index.html.haml within layouts/application (7.7ms)
Completed 200 OK in 811ms (Views: 10.8ms | Models: 0.173ms)


Started GET "/load_tracks" for 127.0.0.1 at 2011-08-07 13:54:39 +0200
  Processing by ApplicationController#load_tracks as HTML
  [1m[36mSQL (0.062ms)[0m  [1mSELECT "id", "server" FROM "hum_configs" ORDER BY "id" LIMIT 1[0m
Rendered application/index.html.haml within layouts/application (7.2ms)
Completed 200 OK in 745ms (Views: 10.4ms | Models: 0.062ms)


Started GET "/load_tracks" for 127.0.0.1 at 2011-08-07 13:55:18 +0200
  Processing by ApplicationController#load_tracks as HTML
  [1m[35mSQL (0.060ms)[0m  SELECT "id", "server" FROM "hum_configs" ORDER BY "id" LIMIT 1
Rendered application/index.html.haml within layouts/application (72.4ms)
Completed 200 OK in 812ms (Views: 75.6ms | Models: 0.060ms)


Started GET "/load_tracks" for 127.0.0.1 at 2011-08-07 13:55:39 +0200
  Processing by ApplicationController#load_tracks as HTML
  [1m[36mSQL (0.063ms)[0m  [1mSELECT "id", "server" FROM "hum_configs" ORDER BY "id" LIMIT 1[0m
Rendered application/index.html.haml within layouts/application (7.9ms)
Completed 200 OK in 3175ms (Views: 11.1ms | Models: 0.063ms)


Started GET "/load_tracks" for 127.0.0.1 at 2011-08-07 13:57:35 +0200
  Processing by ApplicationController#load_tracks as HTML
  [1m[35mSQL (0.171ms)[0m  SELECT "id", "server" FROM "hum_configs" ORDER BY "id" LIMIT 1
Rendered application/index.html.haml within layouts/application (7.4ms)
Completed 200 OK in 825ms (Views: 10.7ms | Models: 0.171ms)


Started GET "/load_tracks" for 127.0.0.1 at 2011-08-07 13:57:36 +0200
  Processing by ApplicationController#load_tracks as HTML
  [1m[36mSQL (0.053ms)[0m  [1mSELECT "id", "server" FROM "hum_configs" ORDER BY "id" LIMIT 1[0m
Rendered application/index.html.haml within layouts/application (6.9ms)
Completed 200 OK in 1020ms (Views: 10.5ms | Models: 0.053ms)


Started GET "/load_tracks" for 127.0.0.1 at 2011-08-07 13:58:06 +0200
  Processing by ApplicationController#load_tracks as HTML
  [1m[35mSQL (0.059ms)[0m  SELECT "id", "server" FROM "hum_configs" ORDER BY "id" LIMIT 1
Rendered application/index.html.haml within layouts/application (7.4ms)
Completed 200 OK in 839ms (Views: 10.7ms | Models: 0.059ms)


Started GET "/load_tracks" for 127.0.0.1 at 2011-08-07 14:00:24 +0200
  Processing by ApplicationController#load_tracks as HTML
  [1m[36mSQL (0.169ms)[0m  [1mSELECT "id", "server" FROM "hum_configs" ORDER BY "id" LIMIT 1[0m
Rendered application/index.html.haml within layouts/application (8.0ms)
Completed 200 OK in 835ms (Views: 76.4ms | Models: 0.169ms)


Started GET "/load_tracks" for 127.0.0.1 at 2011-08-07 14:00:58 +0200
  Processing by ApplicationController#load_tracks as HTML
  [1m[35mSQL (0.060ms)[0m  SELECT "id", "server" FROM "hum_configs" ORDER BY "id" LIMIT 1
Rendered application/index.html.haml within layouts/application (7.6ms)
Completed 200 OK in 754ms (Views: 11.0ms | Models: 0.060ms)


Started GET "/load_tracks" for 127.0.0.1 at 2011-08-07 14:01:28 +0200
  Processing by ApplicationController#load_tracks as HTML
  [1m[36mSQL (0.063ms)[0m  [1mSELECT "id", "server" FROM "hum_configs" ORDER BY "id" LIMIT 1[0m
Rendered application/index.html.haml within layouts/application (7.4ms)
Completed 200 OK in 774ms (Views: 10.8ms | Models: 0.063ms)
